2024-05-12 14:15:07 [34minfo[39m: [34m	Firebase initialized[39m
2024-05-12 14:15:07 [34minfo[39m: [34m	Audio worker started[39m
2024-05-12 14:21:29 [34minfo[39m: [34m	Audio data processed successfully[39m
2024-05-12 14:21:59 [34minfo[39m: [34m	Firebase initialized[39m
2024-05-12 14:21:59 [34minfo[39m: [34m	Audio worker started[39m
2024-05-12 14:22:04 [34minfo[39m: [34m	Firebase initialized[39m
2024-05-12 14:22:04 [34minfo[39m: [34m	Audio worker started[39m
2024-05-12 14:23:25 [34minfo[39m: [34m	Audio data processed successfully: [39m
2024-05-12 14:26:14 [34minfo[39m: [34m	Firebase initialized[39m
2024-05-12 14:26:14 [34minfo[39m: [34m	Audio worker started[39m
2024-05-12 14:27:45 [34minfo[39m: [34m	Audio data processed successfully: [39m
2024-05-12 14:28:45 [34minfo[39m: [34m	Firebase initialized[39m
2024-05-12 14:28:45 [34minfo[39m: [34m	Audio worker started[39m
2024-05-12 14:28:52 [34minfo[39m: [34m	Firebase initialized[39m
2024-05-12 14:28:52 [34minfo[39m: [34m	Audio worker started[39m
2024-05-12 14:34:06 [34minfo[39m: [34m	Audio data processed successfully: [39m
2024-05-12 15:00:47 [34minfo[39m: [34m	Firebase initialized[39m
2024-05-12 15:00:47 [34minfo[39m: [34m	Audio worker started[39m
2024-05-12 15:00:51 [34minfo[39m: [34m	Firebase initialized[39m
2024-05-12 15:00:51 [34minfo[39m: [34m	Audio worker started[39m
2024-05-12 15:01:00 [34minfo[39m: [34m	Firebase initialized[39m
2024-05-12 15:01:00 [34minfo[39m: [34m	Audio worker started[39m
2024-05-12 15:01:09 [34minfo[39m: [34m	Firebase initialized[39m
2024-05-12 15:01:09 [34minfo[39m: [34m	Audio worker started[39m
2024-05-12 15:31:51 [34minfo[39m: [34m	Audio data processed successfully: [39m
2024-05-12 15:42:45 [34minfo[39m: [34m	Firebase initialized[39m
2024-05-12 15:42:45 [34minfo[39m: [34m	Audio worker started[39m
2024-05-12 15:42:53 [34minfo[39m: [34m	Firebase initialized[39m
2024-05-12 15:42:53 [34minfo[39m: [34m	Audio worker started[39m
2024-05-12 15:44:28 [34minfo[39m: [34m	Firebase initialized[39m
2024-05-12 15:44:28 [34minfo[39m: [34m	Audio worker started[39m
2024-05-12 15:45:21 [34minfo[39m: [34m	Firebase initialized[39m
2024-05-12 15:45:21 [34minfo[39m: [34m	Audio worker started[39m
2024-05-12 15:48:51 [34minfo[39m: [34m	Audio data processed successfully: [39m
2024-05-12 15:48:57 [34minfo[39m: [34m	Audio data processed successfully: [39m
2024-05-12 15:48:59 [34minfo[39m: [34m	Audio file downloaded successfully: [39m
2024-05-12 15:49:03 [34minfo[39m: [34m	Audio file downloaded successfully: [39m
2024-05-12 15:49:05 [34minfo[39m: [34m	Audio data processed successfully: [39m
2024-05-12 15:49:11 [34minfo[39m: [34m	Audio file downloaded successfully: [39m
2024-05-12 15:51:53 [34minfo[39m: [34m	Firebase initialized[39m
2024-05-12 15:51:53 [34minfo[39m: [34m	Audio worker started[39m
2024-05-12 15:53:05 [34minfo[39m: [34m	Audio data processed successfully: [39m
2024-05-12 15:53:08 [34minfo[39m: [34m	Audio file downloaded successfully: [39m
2024-05-12 15:55:30 [34minfo[39m: [34m	Audio data processed successfully: [39m
2024-05-12 15:55:31 [34minfo[39m: [34m	Audio file downloaded successfully: [39m
2024-05-12 16:00:08 [34minfo[39m: [34m	Audio data processed successfully: [39m
2024-05-12 16:00:10 [34minfo[39m: [34m	Audio file downloaded successfully: [39m
2024-05-12 16:05:37 [34minfo[39m: [34m	Firebase initialized[39m
2024-05-12 16:05:38 [34minfo[39m: [34m	Audio worker started[39m
2024-05-12 16:05:46 [34minfo[39m: [34m	Firebase initialized[39m
2024-05-12 16:05:46 [34minfo[39m: [34m	Audio worker started[39m
2024-05-12 16:06:11 [34minfo[39m: [34m	Firebase initialized[39m
2024-05-12 16:06:11 [34minfo[39m: [34m	Audio worker started[39m
2024-05-12 16:20:05 [34minfo[39m: [34m	Audio data processed successfully: [39m
2024-05-12 16:20:07 [34minfo[39m: [34m	Audio file downloaded successfully: [39m
2024-05-12 17:15:36 [34minfo[39m: [34m	Firebase initialized[39m
2024-05-12 17:15:36 [34minfo[39m: [34m	Audio worker started[39m
2024-05-12 17:15:36 [34minfo[39m: [34m	Received audio message:[39m
2024-05-12 17:15:36 [34minfo[39m: [34m	Audio data processed successfully: [39m
2024-05-12 17:15:36 [34minfo[39m: [34m	Received audio message:[39m
2024-05-12 17:15:36 [34minfo[39m: [34m	Audio data processed successfully: [39m
2024-05-12 17:15:36 [34minfo[39m: [34m	Received audio message:[39m
2024-05-12 17:15:36 [34minfo[39m: [34m	Audio data processed successfully: [39m
2024-05-12 17:15:54 [34minfo[39m: [34m	Firebase initialized[39m
2024-05-12 17:15:54 [34minfo[39m: [34m	Audio worker started[39m
2024-05-12 17:24:52 [34minfo[39m: [34m	Received audio message:[39m
2024-05-12 17:24:52 [34minfo[39m: [34m	Audio data processed successfully: [39m
2024-05-12 17:24:58 [34minfo[39m: [34m	Audio file downloaded successfully: [39m
2024-05-12 17:27:23 [34minfo[39m: [34m	Firebase initialized[39m
2024-05-12 17:27:23 [34minfo[39m: [34m	Audio worker started[39m
2024-05-12 17:27:52 [34minfo[39m: [34m	Firebase initialized[39m
2024-05-12 17:27:52 [34minfo[39m: [34m	Audio worker started[39m
2024-05-12 17:28:21 [34minfo[39m: [34m	Firebase initialized[39m
2024-05-12 17:28:21 [34minfo[39m: [34m	Audio worker started[39m
2024-05-12 17:30:04 [34minfo[39m: [34m	Firebase initialized[39m
2024-05-12 17:30:04 [34minfo[39m: [34m	Audio worker started[39m
2024-05-12 17:30:09 [34minfo[39m: [34m	Firebase initialized[39m
2024-05-12 17:30:09 [34minfo[39m: [34m	Audio worker started[39m
2024-05-12 17:30:22 [34minfo[39m: [34m	Firebase initialized[39m
2024-05-12 17:30:22 [34minfo[39m: [34m	Audio worker started[39m
2024-05-12 17:30:35 [34minfo[39m: [34m	Firebase initialized[39m
2024-05-12 17:30:36 [34minfo[39m: [34m	Audio worker started[39m
2024-05-12 17:35:12 [34minfo[39m: [34m	Firebase initialized[39m
2024-05-12 17:35:13 [34minfo[39m: [34m	Audio worker started[39m
2024-05-12 17:35:28 [34minfo[39m: [34m	Firebase initialized[39m
2024-05-12 17:35:29 [34minfo[39m: [34m	Audio worker started[39m
2024-05-12 17:38:22 [34minfo[39m: [34m	Received audio message:[39m
2024-05-12 17:38:22 [34minfo[39m: [34m	Audio data processed successfully: [39m
2024-05-12 17:39:59 [34minfo[39m: [34m	Firebase initialized[39m
2024-05-12 17:39:59 [34minfo[39m: [34m	Audio worker started[39m
2024-05-12 17:40:55 [34minfo[39m: [34m	Received audio message:[39m
2024-05-12 17:40:55 [34minfo[39m: [34m	Audio data processed successfully: [39m
2024-05-12 17:41:01 [34minfo[39m: [34m	Audio file downloaded successfully: [39m
2024-05-12 17:44:14 [34minfo[39m: [34m	Received audio message:[39m
2024-05-12 17:44:14 [34minfo[39m: [34m	Audio data processed successfully: [39m
2024-05-12 17:44:17 [34minfo[39m: [34m	Audio file downloaded successfully: [39m
2024-05-12 17:46:59 [34minfo[39m: [34m	Firebase initialized[39m
2024-05-12 17:46:59 [34minfo[39m: [34m	Audio worker started[39m
2024-05-12 17:48:15 [34minfo[39m: [34m	Received audio message:[39m
2024-05-12 17:48:16 [34minfo[39m: [34m	Audio data processed successfully: [39m
2024-05-12 17:48:21 [34minfo[39m: [34m	Audio file downloaded successfully: [39m
2024-05-12 18:00:01 [34minfo[39m: [34m	Received audio message:[39m
2024-05-12 18:00:01 [34minfo[39m: [34m	Audio data processed successfully: [39m
2024-05-12 18:00:01 [34minfo[39m: [34m	Received audio message:[39m
2024-05-12 18:00:01 [34minfo[39m: [34m	Audio data processed successfully: [39m
2024-05-12 18:00:05 [34minfo[39m: [34m	Audio file downloaded successfully: [39m
2024-05-12 18:00:05 [34minfo[39m: [34m	Audio file downloaded successfully: [39m
2024-05-12 18:03:42 [34minfo[39m: [34m	Received audio message:[39m
2024-05-12 18:03:42 [34minfo[39m: [34m	Audio data processed successfully: [39m
2024-05-12 18:03:43 [34minfo[39m: [34m	Received audio message:[39m
2024-05-12 18:03:43 [34minfo[39m: [34m	Audio data processed successfully: [39m
2024-05-12 18:03:47 [34minfo[39m: [34m	Audio file downloaded successfully: [39m
2024-05-12 18:03:47 [34minfo[39m: [34m	Audio file downloaded successfully: [39m
2024-05-12 18:08:03 [34minfo[39m: [34m	Received audio message:[39m
2024-05-12 18:08:03 [34minfo[39m: [34m	Audio data processed successfully: [39m
2024-05-12 18:08:03 [34minfo[39m: [34m	Received audio message:[39m
2024-05-12 18:08:03 [34minfo[39m: [34m	Audio data processed successfully: [39m
2024-05-12 18:08:07 [34minfo[39m: [34m	Audio file downloaded successfully: [39m
2024-05-12 18:08:12 [34minfo[39m: [34m	Audio file downloaded successfully: [39m
2024-05-12 18:11:54 [34minfo[39m: [34m	Received audio message:[39m
2024-05-12 18:11:54 [34minfo[39m: [34m	Audio data processed successfully: [39m
2024-05-12 18:11:54 [34minfo[39m: [34m	Received audio message:[39m
2024-05-12 18:11:54 [34minfo[39m: [34m	Audio data processed successfully: [39m
2024-05-12 18:11:58 [34minfo[39m: [34m	Audio file downloaded successfully: [39m
2024-05-12 18:11:59 [34minfo[39m: [34m	Audio file downloaded successfully: [39m
2024-05-12 18:13:48 [34minfo[39m: [34m	Firebase initialized[39m
2024-05-12 18:13:49 [34minfo[39m: [34m	Audio worker started[39m
2024-05-12 18:14:07 [34minfo[39m: [34m	Firebase initialized[39m
2024-05-12 18:14:07 [34minfo[39m: [34m	Audio worker started[39m
2024-05-12 18:14:33 [34minfo[39m: [34m	Firebase initialized[39m
2024-05-12 18:14:33 [34minfo[39m: [34m	Audio worker started[39m
2024-05-12 18:16:47 [34minfo[39m: [34m	Consuming audio message: audio_1715537784993.wav[39m
2024-05-12 18:16:47 [34minfo[39m: [34m	Audio data processed successfully: [39m
2024-05-12 18:16:47 [34minfo[39m: [34m	Consuming audio message: audio_1715537784993.wav[39m
2024-05-12 18:16:47 [34minfo[39m: [34m	Audio data processed successfully: [39m
2024-05-12 18:16:56 [34minfo[39m: [34m	Audio file downloaded successfully: [39m
2024-05-12 18:16:56 [34minfo[39m: [34m	Audio file downloaded successfully: [39m
2024-05-12 18:18:25 [34minfo[39m: [34m	Firebase initialized[39m
2024-05-12 18:18:25 [34minfo[39m: [34m	Audio worker started[39m
2024-05-12 18:18:40 [34minfo[39m: [34m	Firebase initialized[39m
2024-05-12 18:18:40 [34minfo[39m: [34m	Audio worker started[39m
2024-05-12 18:18:57 [34minfo[39m: [34m	Firebase initialized[39m
2024-05-12 18:18:58 [34minfo[39m: [34m	Audio worker started[39m
2024-05-12 18:19:26 [34minfo[39m: [34m	Consuming audio message: audio_1715537957735.wav[39m
2024-05-12 18:19:26 [34minfo[39m: [34m	Audio data processed successfully: [39m
2024-05-12 18:19:26 [34minfo[39m: [34m	Consuming audio message: audio_1715537957735.wav[39m
2024-05-12 18:19:26 [34minfo[39m: [34m	Audio data processed successfully: [39m
2024-05-12 18:19:31 [34minfo[39m: [34m	Audio file downloaded successfully: [39m
2024-05-12 18:19:31 [34minfo[39m: [34m	Audio file downloaded successfully: [39m
2024-05-12 18:19:57 [34minfo[39m: [34m	Firebase initialized[39m
2024-05-12 18:19:57 [34minfo[39m: [34m	Audio worker started[39m
2024-05-12 18:21:34 [34minfo[39m: [34m	Consuming audio message: audio_1715538090530.wav[39m
2024-05-12 18:21:34 [34minfo[39m: [34m	Audio data processed successfully: [39m
2024-05-12 18:21:34 [34minfo[39m: [34m	Consuming audio message: audio_1715538090530.wav[39m
2024-05-12 18:21:34 [34minfo[39m: [34m	Audio data processed successfully: [39m
2024-05-12 18:21:39 [34minfo[39m: [34m	Audio file downloaded successfully: [39m
2024-05-12 18:21:39 [34minfo[39m: [34m	Audio file downloaded successfully: [39m
2024-05-12 18:22:27 [34minfo[39m: [34m	Firebase initialized[39m
2024-05-12 18:22:27 [34minfo[39m: [34m	Audio worker started[39m
2024-05-12 18:23:03 [34minfo[39m: [34m	Consuming audio message: audio_1715538155999.wav[39m
2024-05-12 18:23:03 [34minfo[39m: [34m	Audio data processed successfully: [39m
2024-05-12 18:23:03 [34minfo[39m: [34m	Consuming audio message: audio_1715538155999.wav[39m
2024-05-12 18:23:03 [34minfo[39m: [34m	Audio data processed successfully: [39m
2024-05-12 18:23:21 [34minfo[39m: [34m	Audio file downloaded successfully: [39m
2024-05-12 18:23:22 [34minfo[39m: [34m	Audio file downloaded successfully: [39m
2024-05-12 18:23:23 [34minfo[39m: [34m	Consuming audio message: audio_1715538193312.wav[39m
2024-05-12 18:23:23 [34minfo[39m: [34m	Audio data processed successfully: [39m
2024-05-12 18:23:23 [34minfo[39m: [34m	Consuming audio message: audio_1715538193312.wav[39m
2024-05-12 18:23:23 [34minfo[39m: [34m	Audio data processed successfully: [39m
2024-05-12 18:23:24 [34minfo[39m: [34m	Audio file downloaded successfully: [39m
2024-05-12 18:23:25 [34minfo[39m: [34m	Audio file downloaded successfully: [39m
2024-05-12 18:26:04 [34minfo[39m: [34m	Consuming audio message: audio_1715538336490.wav[39m
2024-05-12 18:26:04 [34minfo[39m: [34m	Audio data processed successfully: [39m
2024-05-12 18:26:04 [34minfo[39m: [34m	Consuming audio message: audio_1715538336490.wav[39m
2024-05-12 18:26:04 [34minfo[39m: [34m	Audio data processed successfully: [39m
2024-05-12 18:26:06 [34minfo[39m: [34m	Audio file downloaded successfully: [39m
2024-05-12 18:26:11 [34minfo[39m: [34m	Audio file downloaded successfully: [39m
2024-05-12 18:33:50 [34minfo[39m: [34m	Firebase initialized[39m
2024-05-12 18:33:50 [34minfo[39m: [34m	Audio worker started[39m
2024-05-12 18:37:38 [34minfo[39m: [34m	Firebase initialized[39m
2024-05-12 18:37:38 [34minfo[39m: [34m	Audio worker started[39m
2024-05-12 18:47:10 [34minfo[39m: [34m	Consuming audio message: audio_1715539601109.wav[39m
2024-05-12 18:47:10 [34minfo[39m: [34m	Consuming audio message: audio_1715539601109.wav[39m
2024-05-12 18:47:11 [34minfo[39m: [34m	Audio file downloaded successfully: [39m
2024-05-12 18:47:12 [34minfo[39m: [34m	Audio file downloaded successfully: [39m
2024-05-12 18:47:17 [34minfo[39m: [34m	Audio data processed successfully: [39m
2024-05-12 18:47:24 [34minfo[39m: [34m	Audio data processed successfully: [39m
2024-05-12 18:47:26 [34minfo[39m: [34m	Consuming audio message: audio_1715539625004.wav[39m
2024-05-12 18:47:26 [34minfo[39m: [34m	Consuming audio message: audio_1715539625004.wav[39m
2024-05-12 18:47:31 [34minfo[39m: [34m	Audio file downloaded successfully: [39m
2024-05-12 18:47:32 [34minfo[39m: [34m	Audio file downloaded successfully: [39m
2024-05-12 18:51:30 [34minfo[39m: [34m	Audio data processed successfully: [39m
2024-05-12 20:16:53 [34minfo[39m: [34m	Firebase initialized[39m
2024-05-12 20:16:53 [34minfo[39m: [34m	Audio worker started[39m
2024-05-12 20:18:42 [34minfo[39m: [34m	Consuming audio message: audio_1715545113225.wav[39m
2024-05-12 20:18:42 [34minfo[39m: [34m	Consuming audio message: audio_1715545113225.wav[39m
2024-05-12 20:18:46 [34minfo[39m: [34m	Audio file downloaded successfully: [39m
2024-05-12 20:18:46 [34minfo[39m: [34m	Audio file downloaded successfully: [39m
2024-05-12 20:18:50 [34minfo[39m: [34m	Audio data processed successfully: [39m
2024-05-12 20:18:50 [34minfo[39m: [34m	Audio data processed successfully: [39m
2024-05-12 20:24:48 [34minfo[39m: [34m	Firebase initialized[39m
2024-05-12 20:24:48 [34minfo[39m: [34m	Audio worker started[39m
2024-05-12 20:25:38 [34minfo[39m: [34m	Consuming audio message: audio_1715545519768.wav[39m
2024-05-12 20:25:38 [34minfo[39m: [34m	Consuming audio message: audio_1715545519768.wav[39m
2024-05-12 20:25:42 [34minfo[39m: [34m	Audio file downloaded successfully: [39m
2024-05-12 20:25:43 [34minfo[39m: [34m	Audio file downloaded successfully: [39m
2024-05-12 20:25:57 [34minfo[39m: [34m	Audio data processed successfully: [39m
2024-05-12 20:25:57 [34minfo[39m: [34m	Audio data processed successfully: [39m
2024-05-12 20:37:26 [34minfo[39m: [34m	Consuming audio message: audio_1715546224937.wav[39m
2024-05-12 20:37:26 [34minfo[39m: [34m	Consuming audio message: audio_1715546224937.wav[39m
2024-05-12 20:37:30 [34minfo[39m: [34m	Audio file downloaded successfully: [39m
2024-05-12 20:37:40 [34minfo[39m: [34m	Audio data processed successfully: [39m
2024-05-12 20:37:57 [34minfo[39m: [34m	Audio file downloaded successfully: [39m
2024-05-12 20:38:05 [34minfo[39m: [34m	Audio data processed successfully: [39m
2024-05-12 20:38:38 [34minfo[39m: [34m	Consuming audio message: audio_1715546308515.wav[39m
2024-05-12 20:38:38 [34minfo[39m: [34m	Consuming audio message: audio_1715546308515.wav[39m
2024-05-12 20:38:42 [34minfo[39m: [34m	Audio file downloaded successfully: [39m
2024-05-12 20:38:42 [34minfo[39m: [34m	Audio file downloaded successfully: [39m
2024-05-12 20:39:08 [34minfo[39m: [34m	Audio data processed successfully: [39m
2024-05-12 20:39:21 [34minfo[39m: [34m	Audio data processed successfully: [39m
2024-05-12 20:54:20 [34minfo[39m: [34m	Consuming audio message: audio_1715547257055.wav[39m
2024-05-12 20:54:20 [34minfo[39m: [34m	Consuming audio message: audio_1715547257055.wav[39m
2024-05-12 20:54:22 [34minfo[39m: [34m	Audio file downloaded successfully: [39m
2024-05-12 20:54:22 [34minfo[39m: [34m	Audio file downloaded successfully: [39m
2024-05-12 20:54:23 [34minfo[39m: [34m	Audio data processed successfully: [39m
2024-05-12 20:54:24 [34minfo[39m: [34m	Audio data processed successfully: [39m
2024-05-12 20:54:53 [34minfo[39m: [34m	Consuming audio message: audio_1715547290236.wav[39m
2024-05-12 20:54:53 [34minfo[39m: [34m	Consuming audio message: audio_1715547290236.wav[39m
2024-05-12 20:54:55 [34minfo[39m: [34m	Audio file downloaded successfully: [39m
2024-05-12 20:54:55 [34minfo[39m: [34m	Audio file downloaded successfully: [39m
2024-05-12 20:54:59 [34minfo[39m: [34m	Audio data processed successfully: [39m
2024-05-12 20:54:59 [34minfo[39m: [34m	Audio data processed successfully: [39m
2024-05-12 20:59:02 [34minfo[39m: [34m	Firebase initialized[39m
2024-05-12 20:59:03 [34minfo[39m: [34m	Audio worker started[39m
2024-05-12 21:03:37 [34minfo[39m: [34m	Firebase initialized[39m
2024-05-12 21:03:37 [34minfo[39m: [34m	Audio worker started[39m
2024-05-12 21:05:47 [34minfo[39m: [34m	Consuming audio message: audio_1715547931020.wav[39m
2024-05-12 21:05:47 [34minfo[39m: [34m	Consuming audio message: audio_1715547931020.wav[39m
2024-05-12 21:05:51 [34minfo[39m: [34m	Audio file downloaded successfully: [39m
2024-05-12 21:05:51 [34minfo[39m: [34m	Audio file downloaded successfully: [39m
2024-05-12 21:05:59 [34minfo[39m: [34m	Audio data processed successfully: [39m
2024-05-12 21:05:59 [34minfo[39m: [34m	Audio data processed successfully: [39m
2024-05-12 21:06:02 [34minfo[39m: [34m	Consuming audio message: audio_1715547952351.wav[39m
2024-05-12 21:06:02 [34minfo[39m: [34m	Consuming audio message: audio_1715547952351.wav[39m
2024-05-12 21:06:04 [34minfo[39m: [34m	Audio file downloaded successfully: [39m
2024-05-12 21:06:05 [34minfo[39m: [34m	Audio file downloaded successfully: [39m
2024-05-12 21:06:18 [34minfo[39m: [34m	Audio data processed successfully: [39m
2024-05-12 21:06:25 [34minfo[39m: [34m	Audio data processed successfully: [39m
2024-05-12 21:10:16 [34minfo[39m: [34m	Consuming audio message: audio_1715548208557.wav[39m
2024-05-12 21:10:16 [34minfo[39m: [34m	Consuming audio message: audio_1715548208557.wav[39m
2024-05-12 21:10:17 [34minfo[39m: [34m	Audio file downloaded successfully: [39m
2024-05-12 21:10:17 [34minfo[39m: [34m	Audio file downloaded successfully: [39m
2024-05-12 21:10:21 [34minfo[39m: [34m	Audio data processed successfully: [39m
2024-05-12 21:10:21 [34minfo[39m: [34m	Audio data processed successfully: [39m
2024-05-12 21:14:00 [34minfo[39m: [34m	Firebase initialized[39m
2024-05-12 21:14:01 [34minfo[39m: [34m	Audio worker started[39m
2024-05-12 21:14:33 [34minfo[39m: [34m	Firebase initialized[39m
2024-05-12 21:14:33 [34minfo[39m: [34m	Audio worker started[39m
2024-05-12 21:17:50 [34minfo[39m: [34m	Consuming audio message: audio_1715548658930.wav[39m
2024-05-12 21:17:50 [34minfo[39m: [34m	Consuming audio message: audio_1715548658930.wav[39m
2024-05-12 21:17:54 [34minfo[39m: [34m	Audio URL: https://firebasestorage.googleapis.com/v0/b/wanderer-ai.appspot.com/o/uploads%2Faudio_1715548658930.wav?alt=media&token=36e3f91a-3341-4532-b0df-2babe70e66b8[39m
2024-05-12 21:17:54 [34minfo[39m: [34m	Audio URL: https://firebasestorage.googleapis.com/v0/b/wanderer-ai.appspot.com/o/uploads%2Faudio_1715548658930.wav?alt=media&token=36e3f91a-3341-4532-b0df-2babe70e66b8[39m
2024-05-12 21:18:04 [34minfo[39m: [34m	Audio data processed successfully: [39m
2024-05-12 21:18:11 [34minfo[39m: [34m	Audio data processed successfully: [39m
2024-05-12 21:19:01 [34minfo[39m: [34m	Consuming audio message: audio_1715548734168.wav[39m
2024-05-12 21:19:01 [34minfo[39m: [34m	Consuming audio message: audio_1715548734168.wav[39m
2024-05-12 21:19:03 [34minfo[39m: [34m	Audio URL: https://firebasestorage.googleapis.com/v0/b/wanderer-ai.appspot.com/o/uploads%2Faudio_1715548734168.wav?alt=media&token=3a1c173c-92c4-48c4-a81a-587f74669d79[39m
2024-05-12 21:19:03 [34minfo[39m: [34m	Audio URL: https://firebasestorage.googleapis.com/v0/b/wanderer-ai.appspot.com/o/uploads%2Faudio_1715548734168.wav?alt=media&token=3a1c173c-92c4-48c4-a81a-587f74669d79[39m
2024-05-12 21:19:16 [34minfo[39m: [34m	Audio data processed successfully: [39m
2024-05-12 21:19:21 [34minfo[39m: [34m	Audio data processed successfully: [39m
2024-05-12 21:19:27 [34minfo[39m: [34m	Consuming audio message: audio_1715548759479.wav[39m
2024-05-12 21:19:27 [34minfo[39m: [34m	Consuming audio message: audio_1715548759479.wav[39m
2024-05-12 21:19:31 [34minfo[39m: [34m	Audio URL: https://firebasestorage.googleapis.com/v0/b/wanderer-ai.appspot.com/o/uploads%2Faudio_1715548759479.wav?alt=media&token=e1f6fd52-e641-4a93-8160-7ec6fc588479[39m
2024-05-12 21:19:32 [34minfo[39m: [34m	Audio URL: https://firebasestorage.googleapis.com/v0/b/wanderer-ai.appspot.com/o/uploads%2Faudio_1715548759479.wav?alt=media&token=e1f6fd52-e641-4a93-8160-7ec6fc588479[39m
2024-05-12 21:19:41 [34minfo[39m: [34m	Audio data processed successfully: [39m
2024-05-12 21:19:44 [34minfo[39m: [34m	Audio data processed successfully: [39m
2024-05-12 21:20:58 [34minfo[39m: [34m	Firebase initialized[39m
2024-05-12 21:20:58 [34minfo[39m: [34m	Audio worker started[39m
2024-05-12 21:26:31 [34minfo[39m: [34m	Firebase initialized[39m
2024-05-12 21:26:31 [34minfo[39m: [34m	Audio worker started[39m
2024-05-12 21:26:41 [34minfo[39m: [34m	Firebase initialized[39m
2024-05-12 21:26:42 [34minfo[39m: [34m	Audio worker started[39m
2024-05-12 21:27:02 [34minfo[39m: [34m	Firebase initialized[39m
2024-05-12 21:27:02 [34minfo[39m: [34m	Audio worker started[39m
2024-05-12 21:38:25 [34minfo[39m: [34m	Consuming audio message: audio_1715549893538.wav[39m
2024-05-12 21:38:25 [34minfo[39m: [34m	Consuming audio message: audio_1715549893538.wav[39m
2024-05-12 21:38:33 [34minfo[39m: [34m	Audio data processed successfully: [39m
2024-05-12 21:38:33 [34minfo[39m: [34m	Audio data processed successfully: [39m
2024-05-12 21:38:33 [34minfo[39m: [34m	Consuming audio message: audio_1715549909163.wav[39m
2024-05-12 21:38:33 [34minfo[39m: [34m	Consuming audio message: audio_1715549909163.wav[39m
2024-05-12 21:38:40 [34minfo[39m: [34m	Audio data processed successfully: [39m
2024-05-12 21:39:44 [34minfo[39m: [34m	Consuming audio message: audio_1715549974808.wav[39m
2024-05-12 21:39:44 [34minfo[39m: [34m	Consuming audio message: audio_1715549974808.wav[39m
2024-05-12 21:39:59 [34minfo[39m: [34m	Audio data processed successfully: [39m
2024-05-12 21:46:01 [34minfo[39m: [34m	Firebase initialized[39m
2024-05-12 21:46:01 [34minfo[39m: [34m	Audio worker started[39m
2024-05-12 21:47:18 [34minfo[39m: [34m	Consuming audio message: audio_1715550422840.wav[39m
2024-05-12 21:47:18 [34minfo[39m: [34m	Consuming audio message: audio_1715550422840.wav[39m
2024-05-12 21:47:23 [34minfo[39m: [34m	Audio data processed successfully: [39m
2024-05-12 21:47:23 [34minfo[39m: [34m	Audio data processed successfully: [39m
2024-05-12 21:47:23 [34minfo[39m: [34m	Consuming audio message: audio_1715550436982.wav[39m
2024-05-12 21:47:23 [34minfo[39m: [34m	Consuming audio message: audio_1715550436982.wav[39m
2024-05-12 21:47:33 [34minfo[39m: [34m	Audio data processed successfully: [39m
2024-05-12 21:47:33 [34minfo[39m: [34m	Audio data processed successfully: [39m
2024-05-12 21:48:46 [34minfo[39m: [34m	Consuming audio message: audio_1715550516256.wav[39m
2024-05-12 21:48:46 [34minfo[39m: [34m	Consuming audio message: audio_1715550516256.wav[39m
2024-05-12 21:48:54 [34minfo[39m: [34m	Audio data processed successfully: [39m
2024-05-12 21:49:11 [34minfo[39m: [34m	Consuming audio message: audio_1715550539354.wav[39m
2024-05-12 21:49:11 [34minfo[39m: [34m	Consuming audio message: audio_1715550539354.wav[39m
2024-05-12 21:49:28 [34minfo[39m: [34m	Audio data processed successfully: [39m
2024-05-12 21:49:30 [34minfo[39m: [34m	Audio data processed successfully: [39m
2024-05-12 21:53:39 [34minfo[39m: [34m	Firebase initialized[39m
2024-05-12 21:53:39 [34minfo[39m: [34m	Audio worker started[39m
2024-05-12 21:55:53 [34minfo[39m: [34m	Consuming audio message: audio_1715550939712.wav[39m
2024-05-12 21:55:53 [34minfo[39m: [34m	Consuming audio message: audio_1715550939712.wav[39m
2024-05-12 21:56:05 [34minfo[39m: [34m	Audio data processed successfully: [39m
2024-05-12 21:56:59 [34minfo[39m: [34m	Consuming audio message: audio_1715551017897.wav[39m
2024-05-12 21:56:59 [34minfo[39m: [34m	Consuming audio message: audio_1715551017897.wav[39m
2024-05-12 21:57:01 [34minfo[39m: [34m	Audio data processed successfully: [39m
2024-05-12 21:57:03 [34minfo[39m: [34m	Audio data processed successfully: [39m
2024-05-12 22:01:41 [34minfo[39m: [34m	Consuming audio message: audio_1715551284643.wav[39m
2024-05-12 22:01:41 [34minfo[39m: [34m	Consuming audio message: audio_1715551284643.wav[39m
2024-05-12 22:01:49 [34minfo[39m: [34m	Audio data processed successfully: [39m
2024-05-12 22:01:49 [34minfo[39m: [34m	Audio data processed successfully: [39m
2024-05-12 22:08:05 [34minfo[39m: [34m	Firebase initialized[39m
2024-05-12 22:08:05 [34minfo[39m: [34m	Audio worker started[39m
2024-05-12 22:13:16 [34minfo[39m: [34m	Consuming audio message: audio_1715551979325.wav[39m
2024-05-12 22:13:16 [34minfo[39m: [34m	Consuming audio message: audio_1715551979325.wav[39m
2024-05-12 22:13:23 [34minfo[39m: [34m	Audio data processed successfully: [39m
2024-05-12 22:13:23 [34minfo[39m: [34m	Audio data processed successfully: [39m
2024-05-12 22:13:33 [34minfo[39m: [34m	Consuming audio message: audio_1715552007264.wav[39m
2024-05-12 22:13:33 [34minfo[39m: [34m	Consuming audio message: audio_1715552007264.wav[39m
2024-05-12 22:13:37 [34minfo[39m: [34m	Audio data processed successfully: [39m
2024-05-12 22:13:41 [34minfo[39m: [34m	Audio data processed successfully: [39m
2024-05-12 22:15:05 [34minfo[39m: [34m	Consuming audio message: audio_1715552097682.wav[39m
2024-05-12 22:15:05 [34minfo[39m: [34m	Consuming audio message: audio_1715552097682.wav[39m
2024-05-12 22:15:19 [34minfo[39m: [34m	Audio data processed successfully: [39m
2024-05-12 22:17:01 [34minfo[39m: [34m	Consuming audio message: audio_1715552204905.wav[39m
2024-05-12 22:17:01 [34minfo[39m: [34m	Consuming audio message: audio_1715552204905.wav[39m
2024-05-12 22:17:13 [34minfo[39m: [34m	Audio data processed successfully: [39m
2024-05-12 22:18:43 [34minfo[39m: [34m	Consuming audio message: audio_1715552298907.wav[39m
2024-05-12 22:18:43 [34minfo[39m: [34m	Consuming audio message: audio_1715552298907.wav[39m
2024-05-12 22:20:39 [34minfo[39m: [34m	Firebase initialized[39m
2024-05-12 22:20:39 [34minfo[39m: [34m	Audio worker started[39m
2024-05-12 22:20:39 [34minfo[39m: [34m	Consuming audio message: audio_1715552424044.wav[39m
2024-05-12 22:20:39 [34minfo[39m: [34m	Consuming audio message: audio_1715552424044.wav[39m
